<?xml version="1.0" encoding="UTF-8"?>
<!-- Generated by org.testng.reporters.JUnitReportReporter -->
<testsuite skipped="0" hostname="DESKTOP-D0KK09M" name="com.qa.testscript.TestScript_Nykaa" tests="3" failures="0" timestamp="04 May 2021 06:49:24 GMT" time="58.216" errors="0">
  <testcase name="LoginAccount" time="54.500" classname="com.qa.testscript.TestScript_Nykaa"/>
  <testcase name="SearchBox" time="1.566" classname="com.qa.testscript.TestScript_Nykaa"/>
  <testcase name="SearchBox" time="2.150" classname="com.qa.testscript.TestScript_Nykaa"/>
</testsuite> <!-- com.qa.testscript.TestScript_Nykaa -->
